Including file VERSION.asm
Processed file 'VERSION.asm' ok
Including file SYSVARS.asm
Processed file 'SYSVARS.asm' ok
Including file BEEBINTS.asm
Processed file 'BEEBINTS.asm' ok
.start
     0900   20 BA 09   JSR &09BA
     0903   85 3E      STA &3E
     0905   A2 30      LDX #&30
     0907   A0 00      LDY #&00
     0909   A9 01      LDA #&01
     090B   20 DA FF   JSR &FFDA
     090E   A0 00      LDY #&00
     0910   B1 30      LDA (&30),Y
     0912   C9 0D      CMP #&0D
     0914   D0 08      BNE &091E
     0916   A2 01      LDX #&01
     0918   20 88 09   JSR &0988
     091B   20 7A 09   JSR &097A
.aa
     091E   A2 02      LDX #&02
     0920   20 88 09   JSR &0988
     0923   20 7A 09   JSR &097A
     0926   A2 03      LDX #&03
     0928   20 88 09   JSR &0988
     092B   20 7A 09   JSR &097A
     092E   A2 05      LDX #&05
     0930   20 88 09   JSR &0988
.getargumentcount
     0933   A9 00      LDA #&00
     0935   AA         TAX
     0936   A8         TAY
.aa
     0937   B1 30      LDA (&30),Y
     0939   C9 0D      CMP #&0D
     093B   F0 08      BEQ &0945
     093D   C8         INY
     093E   C9 20      CMP #&20
     0940   D0 F5      BNE &0937
     0942   E8         INX
     0943   D0 F2      BNE &0937
.cmdend
     0945   A0 FF      LDY #&FF
     0947   E0 01      CPX #&01
     0949   D0 07      BNE &0952
     094B   A0 01      LDY #&01
     094D   B1 30      LDA (&30),Y
     094F   85 3E      STA &3E
     0951   C8         INY
.ab
     0952   A6 3D      LDX &3D
.ae
     0954   C8         INY
     0955   E8         INX
     0956   B1 30      LDA (&30),Y
     0958   9D D0 06   STA &06D0,X
     095B   C9 2E      CMP #&2E
     095D   D0 F5      BNE &0954
.af
     095F   A9 0D      LDA #&0D
     0961   9D D0 06   STA &06D0,X
     0964   20 7A 09   JSR &097A
     0967   A2 04      LDX #&04
     0969   20 88 09   JSR &0988
     096C   A5 3E      LDA &3E
     096E   9D D0 06   STA &06D0,X
     0971   E8         INX
     0972   A9 0D      LDA #&0D
     0974   9D D0 06   STA &06D0,X
     0977   4C 7A 09   JMP &097A
.printstrA
     097A   A2 FF      LDX #&FF
.ak
     097C   E8         INX
     097D   BD D0 06   LDA &06D0,X
     0980   20 E3 FF   JSR &FFE3
     0983   C9 0D      CMP #&0D
     0985   D0 F5      BNE &097C
     0987   60         RTS
.initprepcmd
     0988   A9 00      LDA #&00
     098A   85 3D      STA &3D
.prepcmd
     098C   A0 00      LDY #&00
.ez
     098E   CA         DEX
     098F   D0 1F      BNE &09B0
     0991   A6 3D      LDX &3D
.ey
     0993   B9 D8 09   LDA &09D8,Y
     0996   C9 80      CMP #&80
     0998   90 0F      BCC &09A9
     099A   29 7F      AND #&7F
     099C   9D D0 06   STA &06D0,X
     099F   E8         INX
     09A0   A9 0D      LDA #&0D
     09A2   9D D0 06   STA &06D0,X
     09A5   CA         DEX
     09A6   86 3D      STX &3D
     09A8   60         RTS
.am
     09A9   9D D0 06   STA &06D0,X
     09AC   E8         INX
     09AD   C8         INY
     09AE   D0 E3      BNE &0993
.nexcmd
     09B0   B9 D8 09   LDA &09D8,Y
     09B3   C8         INY
     09B4   C9 80      CMP #&80
     09B6   90 F8      BCC &09B0
     09B8   B0 D4      BCS &098E
.getdrive
     09BA   A9 06      LDA #&06
     09BC   A2 CB      LDX #&CB
     09BE   A0 09      LDY #&09
     09C0   20 D1 FF   JSR &FFD1
     09C3   AD C8 09   LDA &09C8
     09C6   60         RTS
.data
     09C7   20 20 20 ...
.conb
     09CB   00
     09CC   C7 09 00 00
     09D0   00 00 00 00
     09D4   00 00 00 00
.cmdadd
     09D8   55 73 61 ...
     09F5   8D
     09F6   75 6E 66 ...
     0A4A   8D
     0A4B   63 6F 64 ...
     0A6B   8D
     0A6C   73 65 6C ...
     0A7B   A0
     0A7C   64 72 69 ...
     0A85   A0
.end
Saving file 'import'
Processed file 'IMPORT.asm' ok
